\BOOKMARK [1][-]{section.1}{Overview}{}
\BOOKMARK [1][-]{section.2}{Method Description}{}
\BOOKMARK [1][-]{section.3}{Installation}{}
\BOOKMARK [2][-]{subsection.3.1}{under Linux}{section.3}
\BOOKMARK [2][-]{subsection.3.2}{under Mac}{section.3}
\BOOKMARK [1][-]{section.4}{Data Format}{}
\BOOKMARK [2][-]{subsection.4.1}{Genotype Data}{section.4}
\BOOKMARK [2][-]{subsection.4.2}{Snp Data}{section.4}
\BOOKMARK [2][-]{subsection.4.3}{Environmental Data}{section.4}
\BOOKMARK [2][-]{subsection.4.4}{Output File}{section.4}
\BOOKMARK [1][-]{section.5}{Using the GUI Shell}{}
\BOOKMARK [2][-]{subsection.5.1}{The User Interface}{section.5}
\BOOKMARK [3][-]{subsubsection.5.1.1}{The Menu}{subsection.5.1}
\BOOKMARK [3][-]{subsubsection.5.1.2}{The Toolbar}{subsection.5.1}
\BOOKMARK [3][-]{subsubsection.5.1.3}{Textual Information}{subsection.5.1}
\BOOKMARK [3][-]{subsubsection.5.1.4}{The project Tree}{subsection.5.1}
\BOOKMARK [3][-]{subsubsection.5.1.5}{The Central Zone}{subsection.5.1}
\BOOKMARK [2][-]{subsection.5.2}{New Project}{section.5}
\BOOKMARK [2][-]{subsection.5.3}{New Run}{section.5}
\BOOKMARK [1][-]{section.6}{An example/Tutorial}{}
\BOOKMARK [2][-]{subsection.6.1}{Data Set}{section.6}
\BOOKMARK [2][-]{subsection.6.2}{Launch LFMM}{section.6}
\BOOKMARK [2][-]{subsection.6.3}{New project}{section.6}
\BOOKMARK [2][-]{subsection.6.4}{New Runs}{section.6}
\BOOKMARK [2][-]{subsection.6.5}{Analyze Run}{section.6}
